#
# There is insufficient memory for the Java Runtime Environment to continue.
# Native memory allocation (malloc) failed to allocate 1034416 bytes for Chunk::new
# Possible reasons:
#   The system is out of physical RAM or swap space
#   The process is running with CompressedOops enabled, and the Java Heap may be blocking the growth of the native heap
# Possible solutions:
#   Reduce memory load on the system
#   Increase physical memory or swap space
#   Check if swap backing store is full
#   Decrease Java heap size (-Xmx/-Xms)
#   Decrease number of Java threads
#   Decrease Java thread stack sizes (-Xss)
#   Set larger code cache with -XX:ReservedCodeCacheSize=
#   JVM is running with Unscaled Compressed Oops mode in which the Java heap is
#     placed in the first 4GB address space. The Java Heap base address is the
#     maximum limit for the native heap growth. Please use -XX:HeapBaseMinAddress
#     to set the Java Heap base and to place the Java Heap above 4GB virtual address.
# This output file may be truncated or incomplete.
#
#  Out of Memory Error (arena.cpp:184), pid=284, tid=17536
#
# JRE version: Java(TM) SE Runtime Environment (18.0.1+10) (build 18.0.1+10-24)
# Java VM: Java HotSpot(TM) 64-Bit Server VM (18.0.1+10-24, mixed mode, sharing, tiered, compressed oops, compressed class ptrs, g1 gc, windows-amd64)
# No core dump will be written. Minidumps are not enabled by default on client versions of Windows
#

---------------  S U M M A R Y ------------

Command Line: -Dfile.encoding=UTF-8 -XX:+ShowCodeDetailsInExceptionMessages br.com.alura.mvc.mudi.MudiApplication

Host: Intel(R) Core(TM) i5-10210U CPU @ 1.60GHz, 8 cores, 7G,  Windows 10 , 64 bit Build 19041 (10.0.19041.1889)
Time: Sat Aug 27 14:42:24 2022 Hora oficial do Brasil elapsed time: 17.498081 seconds (0d 0h 0m 17s)

---------------  T H R E A D  ---------------

Current thread (0x0000015bfb7c1570):  JavaThread "C2 CompilerThread0" daemon [_thread_in_native, id=17536, stack(0x00000046c8c00000,0x00000046c8d00000)]


Current CompileTask:
C2:  17498 4369   !   4       org.springframework.core.annotation.AnnotationsScanner::processMethodHierarchy (276 bytes)

Stack: [0x00000046c8c00000,0x00000046c8d00000]
Native frames: (J=compiled Java code, j=interpreted, Vv=VM code, C=native code)
V  [jvm.dll+0x69887a]
V  [jvm.dll+0x7f38bd]
V  [jvm.dll+0x7f51ce]
V  [jvm.dll+0x7f5883]
V  [jvm.dll+0x25ca3f]
V  [jvm.dll+0xb8c2f]
V  [jvm.dll+0xb8fa5]
V  [jvm.dll+0x2c794f]
V  [jvm.dll+0x5a05b0]
V  [jvm.dll+0x237f1e]
V  [jvm.dll+0x231672]
V  [jvm.dll+0x22eeeb]
V  [jvm.dll+0x1b9cfc]
V  [jvm.dll+0x23e8ca]
V  [jvm.dll+0x23cbb5]
V  [jvm.dll+0x7a5fb1]
V  [jvm.dll+0x7a03ea]
V  [jvm.dll+0x697725]
C  [ucrtbase.dll+0x21bb2]
C  [KERNEL32.DLL+0x17034]
C  [ntdll.dll+0x52651]


---------------  P R O C E S S  ---------------

Threads class SMR info:
_java_thread_list=0x0000015b810c5520, length=20, elements={
0x0000015bdb84a4f0, 0x0000015bfb797220, 0x0000015bfb798010, 0x0000015bfb7af540,
0x0000015bfb7b0e00, 0x0000015bfb7b3800, 0x0000015bfb7c0710, 0x0000015bfb7c1570,
0x0000015bfb7c1e60, 0x0000015bfb7d97b0, 0x0000015bffc9f7c0, 0x0000015bffca0fd0,
0x0000015bffca0630, 0x0000015bffc9fc90, 0x0000015bffca1e40, 0x0000015bffca0160,
0x0000015bffc9e950, 0x0000015bffc9ee20, 0x0000015bffc9f2f0, 0x0000015b82498d40
}

Java Threads: ( => current thread )
  0x0000015bdb84a4f0 JavaThread "main" [_thread_blocked, id=13548, stack(0x00000046c7f00000,0x00000046c8000000)]
  0x0000015bfb797220 JavaThread "Reference Handler" daemon [_thread_blocked, id=1984, stack(0x00000046c8600000,0x00000046c8700000)]
  0x0000015bfb798010 JavaThread "Finalizer" daemon [_thread_blocked, id=19764, stack(0x00000046c8700000,0x00000046c8800000)]
  0x0000015bfb7af540 JavaThread "Signal Dispatcher" daemon [_thread_blocked, id=14308, stack(0x00000046c8800000,0x00000046c8900000)]
  0x0000015bfb7b0e00 JavaThread "Attach Listener" daemon [_thread_blocked, id=1264, stack(0x00000046c8900000,0x00000046c8a00000)]
  0x0000015bfb7b3800 JavaThread "Service Thread" daemon [_thread_blocked, id=15596, stack(0x00000046c8a00000,0x00000046c8b00000)]
  0x0000015bfb7c0710 JavaThread "Monitor Deflation Thread" daemon [_thread_blocked, id=2636, stack(0x00000046c8b00000,0x00000046c8c00000)]
=>0x0000015bfb7c1570 JavaThread "C2 CompilerThread0" daemon [_thread_in_native, id=17536, stack(0x00000046c8c00000,0x00000046c8d00000)]
  0x0000015bfb7c1e60 JavaThread "C1 CompilerThread0" daemon [_thread_blocked, id=8840, stack(0x00000046c8d00000,0x00000046c8e00000)]
  0x0000015bfb7d97b0 JavaThread "Sweeper thread" daemon [_thread_blocked, id=9364, stack(0x00000046c8e00000,0x00000046c8f00000)]
  0x0000015bffc9f7c0 JavaThread "Notification Thread" daemon [_thread_blocked, id=15304, stack(0x00000046c8f00000,0x00000046c9000000)]
  0x0000015bffca0fd0 JavaThread "Common-Cleaner" daemon [_thread_blocked, id=16428, stack(0x00000046c9100000,0x00000046c9200000)]
  0x0000015bffca0630 JavaThread "Thread-0" [_thread_blocked, id=15084, stack(0x00000046c9200000,0x00000046c9300000)]
  0x0000015bffc9fc90 JavaThread "restartedMain" [_thread_in_vm, id=16116, stack(0x00000046c9300000,0x00000046c9400000)]
  0x0000015bffca1e40 JavaThread "Catalina-utility-1" [_thread_blocked, id=19240, stack(0x00000046c9c00000,0x00000046c9d00000)]
  0x0000015bffca0160 JavaThread "Catalina-utility-2" [_thread_blocked, id=12340, stack(0x00000046c9d00000,0x00000046c9e00000)]
  0x0000015bffc9e950 JavaThread "container-0" [_thread_blocked, id=13124, stack(0x00000046c9e00000,0x00000046c9f00000)]
  0x0000015bffc9ee20 JavaThread "mysql-cj-abandoned-connection-cleanup" daemon [_thread_blocked, id=12452, stack(0x00000046c9f00000,0x00000046ca000000)]
  0x0000015bffc9f2f0 JavaThread "HikariPool-1 housekeeper" daemon [_thread_blocked, id=15656, stack(0x00000046ca100000,0x00000046ca200000)]
  0x0000015b82498d40 JavaThread "HikariPool-1 connection adder" daemon [_thread_blocked, id=11408, stack(0x00000046ca200000,0x00000046ca300000)]

Other Threads:
  0x0000015bdb8cde10 VMThread "VM Thread" [stack: 0x00000046c8500000,0x00000046c8600000] [id=15724]
  0x0000015bffcaac80 WatcherThread "VM Periodic Task Thread" [stack: 0x00000046c9000000,0x00000046c9100000] [id=15340]
  0x0000015bdb8a9fe0 WorkerThread "GC Thread#0" [stack: 0x00000046c8000000,0x00000046c8100000] [id=2576]
  0x0000015b807d4690 WorkerThread "GC Thread#1" [stack: 0x00000046c9400000,0x00000046c9500000] [id=9696]
  0x0000015b80235820 WorkerThread "GC Thread#2" [stack: 0x00000046c9500000,0x00000046c9600000] [id=11116]
  0x0000015b80235ac0 WorkerThread "GC Thread#3" [stack: 0x00000046c9600000,0x00000046c9700000] [id=11908]
  0x0000015b80235d60 WorkerThread "GC Thread#4" [stack: 0x00000046c9700000,0x00000046c9800000] [id=16320]
  0x0000015b80236000 WorkerThread "GC Thread#5" [stack: 0x00000046c9800000,0x00000046c9900000] [id=11508]
  0x0000015b808038f0 WorkerThread "GC Thread#6" [stack: 0x00000046c9900000,0x00000046c9a00000] [id=18300]
  0x0000015b80ab0890 WorkerThread "GC Thread#7" [stack: 0x00000046c9b00000,0x00000046c9c00000] [id=16976]
  0x0000015bdb8bcd20 ConcurrentGCThread "G1 Main Marker" [stack: 0x00000046c8100000,0x00000046c8200000] [id=8196]
  0x0000015bdb8bedd0 WorkerThread "G1 Conc#0" [stack: 0x00000046c8200000,0x00000046c8300000] [id=15460]
  0x0000015b80e2c840 WorkerThread "G1 Conc#1" [stack: 0x00000046c9a00000,0x00000046c9b00000] [id=16560]
  0x0000015bfb6564b0 ConcurrentGCThread "G1 Refine#0" [stack: 0x00000046c8300000,0x00000046c8400000] [id=15744]
  0x0000015bfb656cd0 ConcurrentGCThread "G1 Service" [stack: 0x00000046c8400000,0x00000046c8500000] [id=2840]

Threads with active compile tasks:
C2 CompilerThread0    17561 4369   !   4       org.springframework.core.annotation.AnnotationsScanner::processMethodHierarchy (276 bytes)

VM state: not at safepoint (normal execution)

VM Mutex/Monitor currently owned by a thread:  ([mutex/lock_event])
[0x0000015bdb845e30] Threads_lock - owner thread: 0x0000015bdb8cde10
[0x0000015bdb847030] Heap_lock - owner thread: 0x0000015bffc9fc90

Heap address: 0x0000000084600000, size: 1978 MB, Compressed Oops mode: 32-bit

CDS archive(s) mapped at: [0x0000000800000000-0x0000000800ba0000-0x0000000800ba0000), size 12189696, SharedBaseAddress: 0x0000000800000000, ArchiveRelocationMode: 0.
Compressed class space mapped at: 0x0000000800c00000-0x0000000840c00000, reserved size: 1073741824
Narrow klass base: 0x0000000800000000, Narrow klass shift: 0, Narrow klass range: 0x100000000

GC Precious Log:
 CardTable entry size: 512
 Card Set container configuration: InlinePtr #cards 5 size 8 Array Of Cards #cards 12 size 40 Howl #buckets 4 coarsen threshold 1843 Howl Bitmap #cards 512 size 80 coarsen threshold 460 Card regions per heap region 1 cards per card region 2048
 CPUs: 8 total, 8 available
 Memory: 7908M
 Large Page Support: Disabled
 NUMA Support: Disabled
 Compressed Oops: Enabled (32-bit)
 Heap Region Size: 1M
 Heap Min Capacity: 8M
 Heap Initial Capacity: 124M
 Heap Max Capacity: 1978M
 Pre-touch: Disabled
 Parallel Workers: 8
 Concurrent Workers: 2
 Concurrent Refinement Workers: 8
 Periodic GC: Disabled

Heap:
 garbage-first heap   total 45056K, used 34930K [0x0000000084600000, 0x0000000100000000)
  region size 1024K, 16 young (16384K), 2 survivors (2048K)
 Metaspace       used 47589K, committed 48000K, reserved 1114112K
  class space    used 6314K, committed 6528K, reserved 1048576K

Heap Regions: E=young(eden), S=young(survivor), O=old, HS=humongous(starts), HC=humongous(continues), CS=collection set, F=free, OA=open archive, CA=closed archive, TAMS=top-at-mark-start (previous, next)
|   0|0x0000000084600000, 0x0000000084700000, 0x0000000084700000|100%|HS|  |TAMS 0x0000000084700000, 0x0000000084700000| Complete 
|   1|0x0000000084700000, 0x0000000084800000, 0x0000000084800000|100%| O|  |TAMS 0x0000000084800000, 0x0000000084800000| Untracked 
|   2|0x0000000084800000, 0x0000000084900000, 0x0000000084900000|100%| O|  |TAMS 0x0000000084900000, 0x0000000084900000| Untracked 
|   3|0x0000000084900000, 0x0000000084a00000, 0x0000000084a00000|100%| O|  |TAMS 0x0000000084a00000, 0x0000000084a00000| Untracked 
|   4|0x0000000084a00000, 0x0000000084b00000, 0x0000000084b00000|100%| O|  |TAMS 0x0000000084b00000, 0x0000000084b00000| Untracked 
|   5|0x0000000084b00000, 0x0000000084c00000, 0x0000000084c00000|100%| O|  |TAMS 0x0000000084c00000, 0x0000000084c00000| Untracked 
|   6|0x0000000084c00000, 0x0000000084ccea00, 0x0000000084d00000| 80%| O|  |TAMS 0x0000000084ccea00, 0x0000000084ccea00| Untracked 
|   7|0x0000000084d00000, 0x0000000084e00000, 0x0000000084e00000|100%| O|  |TAMS 0x0000000084e00000, 0x0000000084e00000| Untracked 
|   8|0x0000000084e00000, 0x0000000084f00000, 0x0000000084f00000|100%| O|  |TAMS 0x0000000084f00000, 0x0000000084f00000| Untracked 
|   9|0x0000000084f00000, 0x0000000085000000, 0x0000000085000000|100%| O|  |TAMS 0x0000000085000000, 0x0000000085000000| Untracked 
|  10|0x0000000085000000, 0x0000000085100000, 0x0000000085100000|100%| O|  |TAMS 0x0000000085100000, 0x0000000085100000| Untracked 
|  11|0x0000000085100000, 0x0000000085200000, 0x0000000085200000|100%| O|  |TAMS 0x0000000085200000, 0x0000000085200000| Untracked 
|  12|0x0000000085200000, 0x0000000085300000, 0x0000000085300000|100%| O|  |TAMS 0x0000000085300000, 0x0000000085300000| Untracked 
|  13|0x0000000085300000, 0x0000000085400000, 0x0000000085400000|100%| O|  |TAMS 0x0000000085400000, 0x0000000085400000| Untracked 
|  14|0x0000000085400000, 0x0000000085500000, 0x0000000085500000|100%| O|  |TAMS 0x0000000085500000, 0x0000000085500000| Untracked 
|  15|0x0000000085500000, 0x0000000085600000, 0x0000000085600000|100%| O|  |TAMS 0x0000000085600000, 0x0000000085600000| Untracked 
|  16|0x0000000085600000, 0x0000000085700000, 0x0000000085700000|100%| O|  |TAMS 0x0000000085600000, 0x0000000085700000| Untracked 
|  17|0x0000000085700000, 0x0000000085800000, 0x0000000085800000|100%| O|  |TAMS 0x0000000085700000, 0x0000000085800000| Untracked 
|  18|0x0000000085800000, 0x0000000085900000, 0x0000000085900000|100%| O|  |TAMS 0x0000000085800000, 0x0000000085900000| Untracked 
|  19|0x0000000085900000, 0x0000000085981600, 0x0000000085a00000| 50%| O|  |TAMS 0x0000000085900000, 0x0000000085981600| Untracked 
|  20|0x0000000085a00000, 0x0000000085a00000, 0x0000000085b00000|  0%| F|  |TAMS 0x0000000085a00000, 0x0000000085a00000| Untracked 
|  21|0x0000000085b00000, 0x0000000085b00000, 0x0000000085c00000|  0%| F|  |TAMS 0x0000000085b00000, 0x0000000085b00000| Untracked 
|  22|0x0000000085c00000, 0x0000000085c00000, 0x0000000085d00000|  0%| F|  |TAMS 0x0000000085c00000, 0x0000000085c00000| Untracked 
|  23|0x0000000085d00000, 0x0000000085d00000, 0x0000000085e00000|  0%| F|  |TAMS 0x0000000085d00000, 0x0000000085d00000| Untracked 
|  24|0x0000000085e00000, 0x0000000085e00000, 0x0000000085f00000|  0%| F|  |TAMS 0x0000000085e00000, 0x0000000085e00000| Untracked 
|  25|0x0000000085f00000, 0x0000000085f00000, 0x0000000086000000|  0%| F|  |TAMS 0x0000000085f00000, 0x0000000085f00000| Untracked 
|  26|0x0000000086000000, 0x0000000086000000, 0x0000000086100000|  0%| F|  |TAMS 0x0000000086000000, 0x0000000086000000| Untracked 
|  27|0x0000000086100000, 0x00000000861ec848, 0x0000000086200000| 92%| S|CS|TAMS 0x0000000086100000, 0x0000000086100000| Complete 
|  28|0x0000000086200000, 0x0000000086300000, 0x0000000086300000|100%| S|CS|TAMS 0x0000000086200000, 0x0000000086200000| Complete 
|  29|0x0000000086300000, 0x0000000086300000, 0x0000000086400000|  0%| F|  |TAMS 0x0000000086300000, 0x0000000086300000| Untracked 
|  30|0x0000000086400000, 0x0000000086400000, 0x0000000086500000|  0%| F|  |TAMS 0x0000000086400000, 0x0000000086400000| Untracked 
|  31|0x0000000086500000, 0x0000000086500000, 0x0000000086600000|  0%| F|  |TAMS 0x0000000086500000, 0x0000000086500000| Untracked 
|  32|0x0000000086600000, 0x0000000086600000, 0x0000000086700000|  0%| F|  |TAMS 0x0000000086600000, 0x0000000086600000| Untracked 
|  33|0x0000000086700000, 0x0000000086700000, 0x0000000086800000|  0%| F|  |TAMS 0x0000000086700000, 0x0000000086700000| Untracked 
|  34|0x0000000086800000, 0x0000000086800000, 0x0000000086900000|  0%| F|  |TAMS 0x0000000086800000, 0x0000000086800000| Untracked 
|  35|0x0000000086900000, 0x0000000086900000, 0x0000000086a00000|  0%| F|  |TAMS 0x0000000086900000, 0x0000000086900000| Untracked 
|  36|0x0000000086a00000, 0x0000000086a00000, 0x0000000086b00000|  0%| F|  |TAMS 0x0000000086a00000, 0x0000000086a00000| Untracked 
|  37|0x0000000086b00000, 0x0000000086b00000, 0x0000000086c00000|  0%| F|  |TAMS 0x0000000086b00000, 0x0000000086b00000| Untracked 
|  69|0x0000000088b00000, 0x0000000088b00000, 0x0000000088c00000|  0%| F|  |TAMS 0x0000000088b00000, 0x0000000088b00000| Untracked 
|  70|0x0000000088c00000, 0x0000000088c00000, 0x0000000088d00000|  0%| F|  |TAMS 0x0000000088c00000, 0x0000000088c00000| Untracked 
|  71|0x0000000088d00000, 0x0000000088d00000, 0x0000000088e00000|  0%| F|  |TAMS 0x0000000088d00000, 0x0000000088d00000| Untracked 
|  72|0x0000000088e00000, 0x0000000088e00000, 0x0000000088f00000|  0%| F|  |TAMS 0x0000000088e00000, 0x0000000088e00000| Untracked 
|  73|0x0000000088f00000, 0x0000000088f00000, 0x0000000089000000|  0%| F|  |TAMS 0x0000000088f00000, 0x0000000088f00000| Untracked 
| 123|0x000000008c100000, 0x000000008c140a68, 0x000000008c200000| 25%| E|  |TAMS 0x000000008c100000, 0x000000008c100000| Complete 

Card table byte_map: [0x0000015bf47a0000,0x0000015bf4b80000] _byte_map_base: 0x0000015bf437d000

Marking Bits (Prev, Next): (CMBitMap*) 0x0000015bdb8ac510, (CMBitMap*) 0x0000015bdb8ac550
 Prev Bits: [0x0000015bf4f60000, 0x0000015bf6e48000)
 Next Bits: [0x0000015bf6e50000, 0x0000015bf8d38000)

Polling page: 0x0000015bdb910000

Metaspace:

Usage:
  Non-class:     40.33 MB used.
      Class:      6.17 MB used.
       Both:     46.50 MB used.

Virtual space:
  Non-class space:       64.00 MB reserved,      40.50 MB ( 63%) committed,  1 nodes.
      Class space:        1.00 GB reserved,       6.38 MB ( <1%) committed,  1 nodes.
             Both:        1.06 GB reserved,      46.88 MB (  4%) committed. 

Chunk freelists:
   Non-Class:  2.89 MB
       Class:  1.66 MB
        Both:  4.55 MB

MaxMetaspaceSize: unlimited
CompressedClassSpaceSize: 1.00 GB
Initial GC threshold: 21.00 MB
Current GC threshold: 59.06 MB
CDS: on
MetaspaceReclaimPolicy: balanced
 - commit_granule_bytes: 65536.
 - commit_granule_words: 8192.
 - virtual_space_node_default_size: 8388608.
 - enlarge_chunks_in_place: 1.
 - new_chunks_are_fully_committed: 0.
 - uncommit_free_chunks: 1.
 - use_allocation_guard: 0.


Internal statistics:

num_allocs_failed_limit: 6.
num_arena_births: 428.
num_arena_deaths: 0.
num_vsnodes_births: 2.
num_vsnodes_deaths: 0.
num_space_committed: 750.
num_space_uncommitted: 0.
num_chunks_returned_to_freelist: 6.
num_chunks_taken_from_freelist: 2084.
num_chunk_merges: 6.
num_chunk_splits: 1534.
num_chunks_enlarged: 1280.
num_inconsistent_stats: 0.

CodeHeap 'non-profiled nmethods': size=120000Kb used=2127Kb max_used=2127Kb free=117872Kb
 bounds [0x0000015bec430000, 0x0000015bec6a0000, 0x0000015bf3960000]
CodeHeap 'profiled nmethods': size=120000Kb used=9589Kb max_used=9589Kb free=110410Kb
 bounds [0x0000015be4f00000, 0x0000015be5860000, 0x0000015bec430000]
CodeHeap 'non-nmethods': size=5760Kb used=1281Kb max_used=1324Kb free=4478Kb
 bounds [0x0000015be4960000, 0x0000015be4bd0000, 0x0000015be4f00000]
 total_blobs=4920 nmethods=4328 adapters=503
 compilation: enabled
              stopped_count=0, restarted_count=0
 full_count=0

Compilation events (20 events):
Event: 17.239 Thread 0x0000015bfb7c1e60 4373       3       java.lang.invoke.MethodHandles::identity (87 bytes)
Event: 17.240 Thread 0x0000015bfb7c1e60 nmethod 4373 0x0000015be5854890 code [0x0000015be5854a80, 0x0000015be5854eb8]
Event: 17.240 Thread 0x0000015bfb7c1e60 4374       3       java.util.concurrent.atomic.AtomicInteger::getAndAdd (12 bytes)
Event: 17.240 Thread 0x0000015bfb7c1e60 nmethod 4374 0x0000015be5855090 code [0x0000015be5855220, 0x0000015be5855338]
Event: 17.299 Thread 0x0000015bfb7c1e60 4375       2       java.lang.Class::getMethodsRecursive (99 bytes)
Event: 17.300 Thread 0x0000015bfb7c1570 nmethod 4359 0x0000015bec63f490 code [0x0000015bec63f820, 0x0000015bec641ef0]
Event: 17.300 Thread 0x0000015bfb7c1570 4369   !   4       org.springframework.core.annotation.AnnotationsScanner::processMethodHierarchy (276 bytes)
Event: 17.301 Thread 0x0000015bfb7c1e60 nmethod 4375 0x0000015be5855410 code [0x0000015be5855600, 0x0000015be58559c8]
Event: 17.301 Thread 0x0000015bfb7c1e60 4376       3       org.springframework.util.ReflectionUtils::findConcreteMethodsOnInterfaces (100 bytes)
Event: 17.302 Thread 0x0000015bfb7c1e60 nmethod 4376 0x0000015be5855c90 code [0x0000015be5855ec0, 0x0000015be58566e8]
Event: 17.302 Thread 0x0000015bfb7c1e60 4377       3       org.springframework.core.convert.TypeDescriptor::equals (113 bytes)
Event: 17.303 Thread 0x0000015bfb7c1e60 nmethod 4377 0x0000015be5856a90 code [0x0000015be5856d60, 0x0000015be5857f68]
Event: 17.337 Thread 0x0000015bfb7c1e60 4378       3       java.lang.invoke.MethodHandles::constant (88 bytes)
Event: 17.338 Thread 0x0000015bfb7c1e60 nmethod 4378 0x0000015be5858290 code [0x0000015be5858580, 0x0000015be58594f8]
Event: 17.352 Thread 0x0000015bfb7c1e60 4379       3       java.lang.ThreadLocal::<init> (12 bytes)
Event: 17.352 Thread 0x0000015bfb7c1e60 nmethod 4379 0x0000015be5859a10 code [0x0000015be5859bc0, 0x0000015be5859de8]
Event: 17.352 Thread 0x0000015bfb7c1e60 4380       3       java.lang.ThreadLocal::nextHashCode (9 bytes)
Event: 17.352 Thread 0x0000015bfb7c1e60 nmethod 4380 0x0000015be5859f10 code [0x0000015be585a0c0, 0x0000015be585a208]
Event: 17.442 Thread 0x0000015bfb7c1e60 4381       3       java.util.Locale::getVariant (8 bytes)
Event: 17.442 Thread 0x0000015bfb7c1e60 nmethod 4381 0x0000015be585a310 code [0x0000015be585a4a0, 0x0000015be585a5d8]

GC Heap History (18 events):
Event: 1.973 GC heap before
{Heap before GC invocations=0 (full 0):
 garbage-first heap   total 126976K, used 24576K [0x0000000084600000, 0x0000000100000000)
  region size 1024K, 23 young (23552K), 0 survivors (0K)
 Metaspace       used 5829K, committed 6080K, reserved 1114112K
  class space    used 653K, committed 768K, reserved 1048576K
}
Event: 1.997 GC heap after
{Heap after GC invocations=1 (full 0):
 garbage-first heap   total 126976K, used 6957K [0x0000000084600000, 0x0000000100000000)
  region size 1024K, 3 young (3072K), 3 survivors (3072K)
 Metaspace       used 5829K, committed 6080K, reserved 1114112K
  class space    used 653K, committed 768K, reserved 1048576K
}
Event: 3.621 GC heap before
{Heap before GC invocations=1 (full 0):
 garbage-first heap   total 126976K, used 35629K [0x0000000084600000, 0x0000000100000000)
  region size 1024K, 31 young (31744K), 3 survivors (3072K)
 Metaspace       used 13394K, committed 13632K, reserved 1114112K
  class space    used 1645K, committed 1792K, reserved 1048576K
}
Event: 3.630 GC heap after
{Heap after GC invocations=2 (full 0):
 garbage-first heap   total 126976K, used 8881K [0x0000000084600000, 0x0000000100000000)
  region size 1024K, 2 young (2048K), 2 survivors (2048K)
 Metaspace       used 13394K, committed 13632K, reserved 1114112K
  class space    used 1645K, committed 1792K, reserved 1048576K
}
Event: 7.050 GC heap before
{Heap before GC invocations=2 (full 0):
 garbage-first heap   total 126976K, used 55985K [0x0000000084600000, 0x0000000100000000)
  region size 1024K, 50 young (51200K), 2 survivors (2048K)
 Metaspace       used 21270K, committed 21504K, reserved 1114112K
  class space    used 2606K, committed 2752K, reserved 1048576K
}
Event: 7.061 GC heap after
{Heap after GC invocations=3 (full 0):
 garbage-first heap   total 126976K, used 11778K [0x0000000084600000, 0x0000000100000000)
  region size 1024K, 5 young (5120K), 5 survivors (5120K)
 Metaspace       used 21270K, committed 21504K, reserved 1114112K
  class space    used 2606K, committed 2752K, reserved 1048576K
}
Event: 10.076 GC heap before
{Heap before GC invocations=4 (full 0):
 garbage-first heap   total 45056K, used 33282K [0x0000000084600000, 0x0000000100000000)
  region size 1024K, 26 young (26624K), 5 survivors (5120K)
 Metaspace       used 25498K, committed 25856K, reserved 1114112K
  class space    used 3220K, committed 3392K, reserved 1048576K
}
Event: 10.089 GC heap after
{Heap after GC invocations=5 (full 0):
 garbage-first heap   total 45056K, used 14212K [0x0000000084600000, 0x0000000100000000)
  region size 1024K, 3 young (3072K), 3 survivors (3072K)
 Metaspace       used 25498K, committed 25856K, reserved 1114112K
  class space    used 3220K, committed 3392K, reserved 1048576K
}
Event: 11.905 GC heap before
{Heap before GC invocations=5 (full 0):
 garbage-first heap   total 45056K, used 30596K [0x0000000084600000, 0x0000000100000000)
  region size 1024K, 20 young (20480K), 3 survivors (3072K)
 Metaspace       used 28581K, committed 28928K, reserved 1114112K
  class space    used 3555K, committed 3712K, reserved 1048576K
}
Event: 11.912 GC heap after
{Heap after GC invocations=6 (full 0):
 garbage-first heap   total 45056K, used 16157K [0x0000000084600000, 0x0000000100000000)
  region size 1024K, 2 young (2048K), 2 survivors (2048K)
 Metaspace       used 28581K, committed 28928K, reserved 1114112K
  class space    used 3555K, committed 3712K, reserved 1048576K
}
Event: 13.177 GC heap before
{Heap before GC invocations=6 (full 0):
 garbage-first heap   total 45056K, used 31517K [0x0000000084600000, 0x0000000100000000)
  region size 1024K, 18 young (18432K), 2 survivors (2048K)
 Metaspace       used 32065K, committed 32448K, reserved 1114112K
  class space    used 4071K, committed 4224K, reserved 1048576K
}
Event: 13.182 GC heap after
{Heap after GC invocations=7 (full 0):
 garbage-first heap   total 45056K, used 17210K [0x0000000084600000, 0x0000000100000000)
  region size 1024K, 1 young (1024K), 1 survivors (1024K)
 Metaspace       used 32065K, committed 32448K, reserved 1114112K
  class space    used 4071K, committed 4224K, reserved 1048576K
}
Event: 13.983 GC heap before
{Heap before GC invocations=7 (full 0):
 garbage-first heap   total 45056K, used 26426K [0x0000000084600000, 0x0000000100000000)
  region size 1024K, 12 young (12288K), 1 survivors (1024K)
 Metaspace       used 35805K, committed 36160K, reserved 1114112K
  class space    used 4595K, committed 4800K, reserved 1048576K
}
Event: 13.987 GC heap after
{Heap after GC invocations=8 (full 0):
 garbage-first heap   total 45056K, used 18186K [0x0000000084600000, 0x0000000100000000)
  region size 1024K, 2 young (2048K), 2 survivors (2048K)
 Metaspace       used 35805K, committed 36160K, reserved 1114112K
  class space    used 4595K, committed 4800K, reserved 1048576K
}
Event: 15.514 GC heap before
{Heap before GC invocations=9 (full 0):
 garbage-first heap   total 45056K, used 34570K [0x0000000084600000, 0x0000000100000000)
  region size 1024K, 18 young (18432K), 2 survivors (2048K)
 Metaspace       used 40393K, committed 40704K, reserved 1114112K
  class space    used 5272K, committed 5440K, reserved 1048576K
}
Event: 15.519 GC heap after
{Heap after GC invocations=10 (full 0):
 garbage-first heap   total 45056K, used 20002K [0x0000000084600000, 0x0000000100000000)
  region size 1024K, 3 young (3072K), 3 survivors (3072K)
 Metaspace       used 40393K, committed 40704K, reserved 1114112K
  class space    used 5272K, committed 5440K, reserved 1048576K
}
Event: 16.522 GC heap before
{Heap before GC invocations=10 (full 0):
 garbage-first heap   total 45056K, used 34338K [0x0000000084600000, 0x0000000100000000)
  region size 1024K, 17 young (17408K), 3 survivors (3072K)
 Metaspace       used 44264K, committed 44672K, reserved 1114112K
  class space    used 5902K, committed 6080K, reserved 1048576K
}
Event: 16.528 GC heap after
{Heap after GC invocations=11 (full 0):
 garbage-first heap   total 45056K, used 20594K [0x0000000084600000, 0x0000000100000000)
  region size 1024K, 1 young (1024K), 1 survivors (1024K)
 Metaspace       used 44264K, committed 44672K, reserved 1114112K
  class space    used 5902K, committed 6080K, reserved 1048576K
}

Deoptimization events (20 events):
Event: 17.075 Thread 0x0000015bffc9fc90 Uncommon trap: trap_request=0xffffff45 fr.pc=0x0000015bec54a4ec relative=0x00000000000001cc
Event: 17.075 Thread 0x0000015bffc9fc90 Uncommon trap: reason=unstable_if action=reinterpret pc=0x0000015bec54a4ec method=org.springframework.beans.factory.support.AbstractAutowireCapableBeanFactory.determineTargetType(Ljava/lang/String;Lorg/springframework/beans/factory/support/RootBeanDefinit
Event: 17.075 Thread 0x0000015bffc9fc90 DEOPT PACKING pc=0x0000015bec54a4ec sp=0x00000046c93fd600
Event: 17.075 Thread 0x0000015bffc9fc90 DEOPT UNPACKING pc=0x0000015be49b23a3 sp=0x00000046c93fd5b8 mode 2
Event: 17.119 Thread 0x0000015bffc9fc90 Uncommon trap: trap_request=0xffffff45 fr.pc=0x0000015bec60edf8 relative=0x00000000000001d8
Event: 17.119 Thread 0x0000015bffc9fc90 Uncommon trap: reason=unstable_if action=reinterpret pc=0x0000015bec60edf8 method=java.util.ArrayDeque.addLast(Ljava/lang/Object;)V @ 42 c2
Event: 17.119 Thread 0x0000015bffc9fc90 DEOPT PACKING pc=0x0000015bec60edf8 sp=0x00000046c93fd310
Event: 17.119 Thread 0x0000015bffc9fc90 DEOPT UNPACKING pc=0x0000015be49b23a3 sp=0x00000046c93fd2c0 mode 2
Event: 17.201 Thread 0x0000015bffc9fc90 Uncommon trap: trap_request=0xfffffff4 fr.pc=0x0000015bec6215f0 relative=0x0000000000001c50
Event: 17.201 Thread 0x0000015bffc9fc90 Uncommon trap: reason=null_check action=make_not_entrant pc=0x0000015bec6215f0 method=java.lang.Class.getMethodsRecursive(Ljava/lang/String;[Ljava/lang/Class;Z)Ljava/lang/PublicMethods$MethodList; @ 26 c2
Event: 17.201 Thread 0x0000015bffc9fc90 DEOPT PACKING pc=0x0000015bec6215f0 sp=0x00000046c93fced0
Event: 17.201 Thread 0x0000015bffc9fc90 DEOPT UNPACKING pc=0x0000015be49b23a3 sp=0x00000046c93fceb8 mode 2
Event: 17.233 Thread 0x0000015bffc9fc90 Uncommon trap: trap_request=0xffffffde fr.pc=0x0000015bec57f078 relative=0x0000000000002f98
Event: 17.233 Thread 0x0000015bffc9fc90 Uncommon trap: reason=class_check action=maybe_recompile pc=0x0000015bec57f078 method=org.springframework.beans.factory.support.AbstractBeanFactory.isTypeMatch(Ljava/lang/String;Lorg/springframework/core/ResolvableType;Z)Z @ 53 c2
Event: 17.233 Thread 0x0000015bffc9fc90 DEOPT PACKING pc=0x0000015bec57f078 sp=0x00000046c93fca20
Event: 17.233 Thread 0x0000015bffc9fc90 DEOPT UNPACKING pc=0x0000015be49b23a3 sp=0x00000046c93fc9c0 mode 2
Event: 17.413 Thread 0x0000015bffc9fc90 Uncommon trap: trap_request=0xffffff45 fr.pc=0x0000015bec555494 relative=0x0000000000000114
Event: 17.413 Thread 0x0000015bffc9fc90 Uncommon trap: reason=unstable_if action=reinterpret pc=0x0000015bec555494 method=jdk.internal.org.objectweb.asm.ByteVector.putInt(I)Ljdk/internal/org/objectweb/asm/ByteVector; @ 13 c2
Event: 17.413 Thread 0x0000015bffc9fc90 DEOPT PACKING pc=0x0000015bec555494 sp=0x00000046c93fb750
Event: 17.413 Thread 0x0000015bffc9fc90 DEOPT UNPACKING pc=0x0000015be49b23a3 sp=0x00000046c93fb6e8 mode 2

Classes loaded (20 events):
Event: 16.549 Loading class java/io/ObjectInputFilter$FilterInfo
Event: 16.549 Loading class java/io/ObjectInputFilter$FilterInfo done
Event: 16.549 Loading class java/io/ObjectInputFilter$Status
Event: 16.549 Loading class java/io/ObjectInputFilter$Status done
Event: 16.715 Loading class java/util/TimerTask
Event: 16.716 Loading class java/util/TimerTask done
Event: 16.977 Loading class javax/naming/Reference
Event: 16.977 Loading class javax/naming/Reference done
Event: 16.983 Loading class java/util/ArrayList$ListItr
Event: 16.984 Loading class java/util/ArrayList$ListItr done
Event: 17.009 Loading class java/lang/ObjectCustomizer
Event: 17.009 Loading class java/lang/ObjectCustomizer done
Event: 17.009 Loading class java/lang/ObjectCustomizer
Event: 17.009 Loading class java/lang/ObjectCustomizer done
Event: 17.078 Loading class java/lang/ObjectCustomizer
Event: 17.078 Loading class java/lang/ObjectCustomizer done
Event: 17.078 Loading class java/lang/ObjectCustomizer
Event: 17.078 Loading class java/lang/ObjectCustomizer done
Event: 17.106 Loading class java/lang/SafeVarargs
Event: 17.107 Loading class java/lang/SafeVarargs done

Classes unloaded (0 events):
No events

Classes redefined (0 events):
No events

Internal exceptions (20 events):
Event: 17.033 Thread 0x0000015bffc9fc90 Exception <a 'java/lang/ClassNotFoundException'{0x0000000088b622f8}: org/springframework/data/repository/core/support/TransactionalRepositoryFactoryBeanSupportCustomizer> (0x0000000088b622f8) 
thrown [s\open\src\hotspot\share\classfile\systemDictionary.cpp, line 255]
Event: 17.037 Thread 0x0000015bffc9fc90 Exception <a 'java/lang/ClassNotFoundException'{0x0000000088b6fb98}: org/springframework/data/jpa/repository/support/JpaRepositoryFactoryBeanCustomizer> (0x0000000088b6fb98) 
thrown [s\open\src\hotspot\share\classfile\systemDictionary.cpp, line 255]
Event: 17.045 Thread 0x0000015bffc9fc90 Exception <a 'java/lang/ClassNotFoundException'{0x0000000088b9e660}: org/springframework/beans/factory/BeanFactoryAwareCustomizer> (0x0000000088b9e660) 
thrown [s\open\src\hotspot\share\classfile\systemDictionary.cpp, line 255]
Event: 17.048 Thread 0x0000015bffc9fc90 Exception <a 'java/lang/ClassNotFoundException'{0x0000000088ba2f00}: org/springframework/beans/factory/AwareCustomizer> (0x0000000088ba2f00) 
thrown [s\open\src\hotspot\share\classfile\systemDictionary.cpp, line 255]
Event: 17.051 Thread 0x0000015bffc9fc90 Exception <a 'java/lang/ClassNotFoundException'{0x0000000088ba64e0}: org/springframework/beans/factory/InitializingBeanCustomizer> (0x0000000088ba64e0) 
thrown [s\open\src\hotspot\share\classfile\systemDictionary.cpp, line 255]
Event: 17.052 Thread 0x0000015bffc9fc90 Exception <a 'java/lang/ClassNotFoundException'{0x0000000088baafa0}: org/springframework/data/repository/core/support/RepositoryFactoryInformationCustomizer> (0x0000000088baafa0) 
thrown [s\open\src\hotspot\share\classfile\systemDictionary.cpp, line 255]
Event: 17.055 Thread 0x0000015bffc9fc90 Exception <a 'java/lang/ClassNotFoundException'{0x0000000088bb4bc8}: org/springframework/beans/factory/FactoryBeanCustomizer> (0x0000000088bb4bc8) 
thrown [s\open\src\hotspot\share\classfile\systemDictionary.cpp, line 255]
Event: 17.060 Thread 0x0000015bffc9fc90 Exception <a 'java/lang/ClassNotFoundException'{0x0000000088bbc4a0}: org/springframework/beans/factory/BeanClassLoaderAwareCustomizer> (0x0000000088bbc4a0) 
thrown [s\open\src\hotspot\share\classfile\systemDictionary.cpp, line 255]
Event: 17.061 Thread 0x0000015bffc9fc90 Exception <a 'java/lang/ClassNotFoundException'{0x0000000088bc06b0}: org/springframework/beans/factory/AwareCustomizer> (0x0000000088bc06b0) 
thrown [s\open\src\hotspot\share\classfile\systemDictionary.cpp, line 255]
Event: 17.062 Thread 0x0000015bffc9fc90 Exception <a 'java/lang/ClassNotFoundException'{0x0000000088bc3c28}: org/springframework/beans/factory/BeanFactoryAwareCustomizer> (0x0000000088bc3c28) 
thrown [s\open\src\hotspot\share\classfile\systemDictionary.cpp, line 255]
Event: 17.064 Thread 0x0000015bffc9fc90 Exception <a 'java/lang/ClassNotFoundException'{0x0000000088bc84c8}: org/springframework/beans/factory/AwareCustomizer> (0x0000000088bc84c8) 
thrown [s\open\src\hotspot\share\classfile\systemDictionary.cpp, line 255]
Event: 17.065 Thread 0x0000015bffc9fc90 Exception <a 'java/lang/ClassNotFoundException'{0x0000000088bcbc00}: org/springframework/context/ApplicationEventPublisherAwareCustomizer> (0x0000000088bcbc00) 
thrown [s\open\src\hotspot\share\classfile\systemDictionary.cpp, line 255]
Event: 17.066 Thread 0x0000015bffc9fc90 Exception <a 'java/lang/ClassNotFoundException'{0x0000000088bd0598}: org/springframework/beans/factory/AwareCustomizer> (0x0000000088bd0598) 
thrown [s\open\src\hotspot\share\classfile\systemDictionary.cpp, line 255]
Event: 17.078 Thread 0x0000015bffc9fc90 Exception <a 'java/lang/ClassNotFoundException'{0x0000000088bfdd90}: java/lang/ObjectCustomizer> (0x0000000088bfdd90) 
thrown [s\open\src\hotspot\share\classfile\systemDictionary.cpp, line 255]
Event: 17.080 Thread 0x0000015bffc9fc90 Exception <a 'java/lang/ClassNotFoundException'{0x0000000086b05840}: org/springframework/core/io/support/PropertiesLoaderSupportCustomizer> (0x0000000086b05840) 
thrown [s\open\src\hotspot\share\classfile\systemDictionary.cpp, line 255]
Event: 17.082 Thread 0x0000015bffc9fc90 Exception <a 'java/lang/ClassNotFoundException'{0x0000000086b12688}: org/springframework/beans/factory/config/PropertiesFactoryBeanCustomizer> (0x0000000086b12688) 
thrown [s\open\src\hotspot\share\classfile\systemDictionary.cpp, line 255]
Event: 17.085 Thread 0x0000015bffc9fc90 Exception <a 'java/lang/ClassNotFoundException'{0x0000000086b26e48}: org/springframework/beans/factory/FactoryBeanCustomizer> (0x0000000086b26e48) 
thrown [s\open\src\hotspot\share\classfile\systemDictionary.cpp, line 255]
Event: 17.087 Thread 0x0000015bffc9fc90 Exception <a 'java/lang/ClassNotFoundException'{0x0000000086b2d830}: org/springframework/beans/factory/InitializingBeanCustomizer> (0x0000000086b2d830) 
thrown [s\open\src\hotspot\share\classfile\systemDictionary.cpp, line 255]
Event: 17.201 Thread 0x0000015bffc9fc90 Implicit null exception at 0x0000015bec61fca0 to 0x0000015bec6215e0
Event: 17.333 Thread 0x0000015bffc9fc90 Exception <a 'java/lang/IncompatibleClassChangeError'{0x000000008675a828}: Found class java.lang.Object, but interface was expected> (0x000000008675a828) 
thrown [s\open\src\hotspot\share\interpreter\linkResolver.cpp, line 833]

VM Operations (20 events):
Event: 12.987 Executing VM operation: Cleanup
Event: 12.987 Executing VM operation: Cleanup done
Event: 13.177 Executing VM operation: G1CollectForAllocation
Event: 13.182 Executing VM operation: G1CollectForAllocation done
Event: 13.982 Executing VM operation: CollectForMetadataAllocation
Event: 13.987 Executing VM operation: CollectForMetadataAllocation done
Event: 14.027 Executing VM operation: G1Concurrent
Event: 14.033 Executing VM operation: G1Concurrent done
Event: 14.048 Executing VM operation: G1Concurrent
Event: 14.049 Executing VM operation: G1Concurrent done
Event: 14.147 Executing VM operation: HandshakeAllThreads
Event: 14.147 Executing VM operation: HandshakeAllThreads done
Event: 15.159 Executing VM operation: Cleanup
Event: 15.160 Executing VM operation: Cleanup done
Event: 15.514 Executing VM operation: G1CollectForAllocation
Event: 15.519 Executing VM operation: G1CollectForAllocation done
Event: 16.522 Executing VM operation: G1CollectForAllocation
Event: 16.532 Executing VM operation: G1CollectForAllocation done
Event: 16.984 Executing VM operation: HandshakeAllThreads
Event: 16.984 Executing VM operation: HandshakeAllThreads done

Events (20 events):
Event: 0.342 Loaded shared library C:\Program Files\Java\jdk-18.0.1\bin\net.dll
Event: 0.350 Loaded shared library C:\Program Files\Java\jdk-18.0.1\bin\nio.dll
Event: 0.359 Loaded shared library C:\Program Files\Java\jdk-18.0.1\bin\zip.dll
Event: 0.710 Loaded shared library C:\Program Files\Java\jdk-18.0.1\bin\verify.dll
Event: 0.728 Loaded shared library C:\Program Files\Java\jdk-18.0.1\bin\jimage.dll
Event: 1.517 Loaded shared library C:\Program Files\Java\jdk-18.0.1\bin\management.dll
Event: 1.523 Loaded shared library C:\Program Files\Java\jdk-18.0.1\bin\management_ext.dll
Event: 1.639 Thread 0x0000015bffca0630 Thread added: 0x0000015bffca0630
Event: 1.654 Thread 0x0000015bffc9fc90 Thread added: 0x0000015bffc9fc90
Event: 2.662 Thread 0x0000015bffca0160 Thread added: 0x0000015bffca0160
Event: 4.100 Thread 0x0000015bffca1970 Thread added: 0x0000015bffca1970
Event: 4.419 Thread 0x0000015bffca1970 Thread exited: 0x0000015bffca1970
Event: 4.431 Thread 0x0000015bffca0160 Thread exited: 0x0000015bffca0160
Event: 10.709 Loaded shared library C:\Program Files\Java\jdk-18.0.1\bin\sunmscapi.dll
Event: 11.786 Thread 0x0000015bffca1e40 Thread added: 0x0000015bffca1e40
Event: 11.791 Thread 0x0000015bffca0160 Thread added: 0x0000015bffca0160
Event: 11.805 Thread 0x0000015bffc9e950 Thread added: 0x0000015bffc9e950
Event: 11.982 Thread 0x0000015bffc9ee20 Thread added: 0x0000015bffc9ee20
Event: 14.437 Thread 0x0000015bffc9f2f0 Thread added: 0x0000015bffc9f2f0
Event: 14.561 Thread 0x0000015b82498d40 Thread added: 0x0000015b82498d40


Dynamic libraries:
0x00007ff6b4c00000 - 0x00007ff6b4c10000 	C:\Program Files\Java\jdk-18.0.1\bin\javaw.exe
0x00007ffacf2b0000 - 0x00007ffacf4a8000 	C:\WINDOWS\SYSTEM32\ntdll.dll
0x00007fface0b0000 - 0x00007fface16d000 	C:\WINDOWS\System32\KERNEL32.DLL
0x00007ffaccc50000 - 0x00007ffaccf1e000 	C:\WINDOWS\System32\KERNELBASE.dll
0x00007ffacd210000 - 0x00007ffacd310000 	C:\WINDOWS\System32\ucrtbase.dll
0x00007ffac2c70000 - 0x00007ffac2c8a000 	C:\Program Files\Java\jdk-18.0.1\bin\VCRUNTIME140.dll
0x00007ffabf660000 - 0x00007ffabf678000 	C:\Program Files\Java\jdk-18.0.1\bin\jli.dll
0x00007ffacd940000 - 0x00007ffacd9ee000 	C:\WINDOWS\System32\ADVAPI32.dll
0x00007ffacf080000 - 0x00007ffacf11e000 	C:\WINDOWS\System32\msvcrt.dll
0x00007ffacf1d0000 - 0x00007ffacf26c000 	C:\WINDOWS\System32\sechost.dll
0x00007ffacd810000 - 0x00007ffacd935000 	C:\WINDOWS\System32\RPCRT4.dll
0x00007ffacd310000 - 0x00007ffacd4b0000 	C:\WINDOWS\System32\USER32.dll
0x00007ffab6720000 - 0x00007ffab69ba000 	C:\WINDOWS\WinSxS\amd64_microsoft.windows.common-controls_6595b64144ccf1df_6.0.19041.1110_none_60b5254171f9507e\COMCTL32.dll
0x00007ffacd100000 - 0x00007ffacd122000 	C:\WINDOWS\System32\win32u.dll
0x00007ffacf120000 - 0x00007ffacf14a000 	C:\WINDOWS\System32\GDI32.dll
0x00007ffac1150000 - 0x00007ffac115a000 	C:\WINDOWS\SYSTEM32\VERSION.dll
0x00007ffaccf50000 - 0x00007ffacd05b000 	C:\WINDOWS\System32\gdi32full.dll
0x00007ffacd060000 - 0x00007ffacd0fd000 	C:\WINDOWS\System32\msvcp_win.dll
0x00007fface1d0000 - 0x00007fface200000 	C:\WINDOWS\System32\IMM32.DLL
0x00007ffac5440000 - 0x00007ffac544c000 	C:\Program Files\Java\jdk-18.0.1\bin\vcruntime140_1.dll
0x00007ffabde00000 - 0x00007ffabde8d000 	C:\Program Files\Java\jdk-18.0.1\bin\msvcp140.dll
0x00007ffa32cf0000 - 0x00007ffa33900000 	C:\Program Files\Java\jdk-18.0.1\bin\server\jvm.dll
0x00007fface320000 - 0x00007fface328000 	C:\WINDOWS\System32\PSAPI.DLL
0x00007ffab6b70000 - 0x00007ffab6b97000 	C:\WINDOWS\SYSTEM32\WINMM.dll
0x00007ffab2930000 - 0x00007ffab2939000 	C:\WINDOWS\SYSTEM32\WSOCK32.dll
0x00007fface200000 - 0x00007fface26b000 	C:\WINDOWS\System32\WS2_32.dll
0x00007ffacb260000 - 0x00007ffacb272000 	C:\WINDOWS\SYSTEM32\kernel.appcore.dll
0x00007ffac53e0000 - 0x00007ffac53ea000 	C:\Program Files\Java\jdk-18.0.1\bin\jimage.dll
0x00007ffac7780000 - 0x00007ffac7964000 	C:\WINDOWS\SYSTEM32\DBGHELP.DLL
0x00007ffab3210000 - 0x00007ffab323c000 	C:\WINDOWS\SYSTEM32\dbgcore.DLL
0x00007ffacd130000 - 0x00007ffacd1b2000 	C:\WINDOWS\System32\bcryptPrimitives.dll
0x00007ffabdf70000 - 0x00007ffabdf95000 	C:\Program Files\Java\jdk-18.0.1\bin\java.dll
0x00007ffa74590000 - 0x00007ffa74666000 	C:\Program Files\Java\jdk-18.0.1\bin\jsvml.dll
0x00007fface410000 - 0x00007ffaceb54000 	C:\WINDOWS\System32\SHELL32.dll
0x00007ffac7970000 - 0x00007ffac8104000 	C:\WINDOWS\SYSTEM32\windows.storage.dll
0x00007ffacd4b0000 - 0x00007ffacd804000 	C:\WINDOWS\System32\combase.dll
0x00007ffacc430000 - 0x00007ffacc460000 	C:\WINDOWS\SYSTEM32\Wldp.dll
0x00007fface270000 - 0x00007fface31d000 	C:\WINDOWS\System32\SHCORE.dll
0x00007ffacef40000 - 0x00007ffacef95000 	C:\WINDOWS\System32\shlwapi.dll
0x00007ffacc910000 - 0x00007ffacc92f000 	C:\WINDOWS\SYSTEM32\profapi.dll
0x00007ffac3710000 - 0x00007ffac3723000 	C:\Program Files\Java\jdk-18.0.1\bin\net.dll
0x00007ffab92a0000 - 0x00007ffab93aa000 	C:\WINDOWS\SYSTEM32\WINHTTP.dll
0x00007ffacc190000 - 0x00007ffacc1fa000 	C:\WINDOWS\system32\mswsock.dll
0x00007ffac2c40000 - 0x00007ffac2c56000 	C:\Program Files\Java\jdk-18.0.1\bin\nio.dll
0x00007ffac2410000 - 0x00007ffac2428000 	C:\Program Files\Java\jdk-18.0.1\bin\zip.dll
0x00007ffac50c0000 - 0x00007ffac50d0000 	C:\Program Files\Java\jdk-18.0.1\bin\verify.dll
0x00007ffac2d90000 - 0x00007ffac2d99000 	C:\Program Files\Java\jdk-18.0.1\bin\management.dll
0x00007ffac2d20000 - 0x00007ffac2d2b000 	C:\Program Files\Java\jdk-18.0.1\bin\management_ext.dll
0x00007ffaa1c60000 - 0x00007ffaa1c77000 	C:\WINDOWS\system32\napinsp.dll
0x00007ffa9f7b0000 - 0x00007ffa9f7cb000 	C:\WINDOWS\system32\pnrpnsp.dll
0x00007ffac4410000 - 0x00007ffac4425000 	C:\WINDOWS\system32\wshbth.dll
0x00007ffac4d50000 - 0x00007ffac4d6d000 	C:\WINDOWS\system32\NLAapi.dll
0x00007ffacbe30000 - 0x00007ffacbe6b000 	C:\WINDOWS\SYSTEM32\IPHLPAPI.DLL
0x00007ffacbe70000 - 0x00007ffacbf3a000 	C:\WINDOWS\SYSTEM32\DNSAPI.dll
0x00007ffaced70000 - 0x00007ffaced78000 	C:\WINDOWS\System32\NSI.dll
0x00007ffa9f790000 - 0x00007ffa9f7a2000 	C:\WINDOWS\System32\winrnr.dll
0x0000000068e70000 - 0x0000000068e96000 	C:\Program Files\Bonjour\mdnsNSP.dll
0x00007ffac1660000 - 0x00007ffac166a000 	C:\Windows\System32\rasadhlp.dll
0x00007ffab7830000 - 0x00007ffab78b0000 	C:\WINDOWS\System32\fwpuclnt.dll
0x00007ffaccf20000 - 0x00007ffaccf47000 	C:\WINDOWS\System32\bcrypt.dll
0x00007ffacc380000 - 0x00007ffacc398000 	C:\WINDOWS\SYSTEM32\CRYPTSP.dll
0x00007ffacbaa0000 - 0x00007ffacbad4000 	C:\WINDOWS\system32\rsaenh.dll
0x00007ffacc890000 - 0x00007ffacc8be000 	C:\WINDOWS\SYSTEM32\USERENV.dll
0x00007ffacc3a0000 - 0x00007ffacc3ac000 	C:\WINDOWS\SYSTEM32\CRYPTBASE.dll
0x00007ffac13a0000 - 0x00007ffac13b7000 	C:\WINDOWS\SYSTEM32\dhcpcsvc6.DLL
0x00007ffac14e0000 - 0x00007ffac14fd000 	C:\WINDOWS\SYSTEM32\dhcpcsvc.DLL
0x00007ffac2db0000 - 0x00007ffac2dbe000 	C:\Program Files\Java\jdk-18.0.1\bin\sunmscapi.dll
0x00007ffacc9d0000 - 0x00007ffaccb26000 	C:\WINDOWS\System32\CRYPT32.dll
0x00007ffacc4a0000 - 0x00007ffacc4c7000 	C:\WINDOWS\SYSTEM32\ncrypt.dll
0x00007ffacc460000 - 0x00007ffacc49b000 	C:\WINDOWS\SYSTEM32\NTASN1.dll

dbghelp: loaded successfully - version: 4.0.5 - missing functions: none
symbol engine: initialized successfully - sym options: 0x614 - pdb path: .;C:\Program Files\Java\jdk-18.0.1\bin;C:\WINDOWS\SYSTEM32;C:\WINDOWS\WinSxS\amd64_microsoft.windows.common-controls_6595b64144ccf1df_6.0.19041.1110_none_60b5254171f9507e;C:\Program Files\Java\jdk-18.0.1\bin\server;C:\Program Files\Bonjour

VM Arguments:
jvm_args: -Dfile.encoding=UTF-8 -XX:+ShowCodeDetailsInExceptionMessages 
java_command: br.com.alura.mvc.mudi.MudiApplication
java_class_path (initial): C:\Dev\workspace-eclipse\mudi\target\classes;C:\Users\saulo\.m2\repository\org\springframework\boot\spring-boot-starter-thymeleaf\2.7.3\spring-boot-starter-thymeleaf-2.7.3.jar;C:\Users\saulo\.m2\repository\org\springframework\boot\spring-boot-starter\2.7.3\spring-boot-starter-2.7.3.jar;C:\Users\saulo\.m2\repository\org\springframework\boot\spring-boot-starter-logging\2.7.3\spring-boot-starter-logging-2.7.3.jar;C:\Users\saulo\.m2\repository\ch\qos\logback\logback-classic\1.2.11\logback-classic-1.2.11.jar;C:\Users\saulo\.m2\repository\ch\qos\logback\logback-core\1.2.11\logback-core-1.2.11.jar;C:\Users\saulo\.m2\repository\org\apache\logging\log4j\log4j-to-slf4j\2.17.2\log4j-to-slf4j-2.17.2.jar;C:\Users\saulo\.m2\repository\org\apache\logging\log4j\log4j-api\2.17.2\log4j-api-2.17.2.jar;C:\Users\saulo\.m2\repository\org\slf4j\jul-to-slf4j\1.7.36\jul-to-slf4j-1.7.36.jar;C:\Users\saulo\.m2\repository\jakarta\annotation\jakarta.annotation-api\1.3.5\jakarta.annotation-api-1.3.5.jar;C:\Users\saulo\.m2\repository\org\yaml\snakeyaml\1.30\snakeyaml-1.30.jar;C:\Users\saulo\.m2\repository\org\thymeleaf\thymeleaf-spring5\3.0.15.RELEASE\thymeleaf-spring5-3.0.15.RELEASE.jar;C:\Users\saulo\.m2\repository\org\thymeleaf\thymeleaf\3.0.15.RELEASE\thymeleaf-3.0.15.RELEASE.jar;C:\Users\saulo\.m2\repository\org\attoparser\attoparser\2.0.5.RELEASE\attoparser-2.0.5.RELEASE.jar;C:\Users\saulo\.m2\repository\org\unbescape\unbescape\1.1.6.RELEASE\unbescape-1.1.6.RELEASE.jar;C:\Users\saulo\.m2\repository\org\slf4j\slf4j-api\1.7.36\slf4j-api-1.7.36.jar;C:\Users\saulo\.m2\repository\org\thymeleaf\extras\thymeleaf-extras-java8time\3.0.4.RELEASE\thymeleaf-extras-java8time-3.0.4.RELEASE.jar;C:\Users\saulo\.m2\repository\org\springframework\boot\spring-boot-starter-web\2.7.3\spring-boot-starter-web-2.7.3.jar;C:\Users\saulo\.m2\repository\org\springframework\boot\spring-boot-starter-json\2.7.3\spring-boot-starter-json-2.7.3.jar;C:\Users\saulo\.m2\repository\com\fasterxml\jackson\core\jackson-databind\2.13.3\jackson-databind-2.13.3.jar;C:\Users\saulo\.m2\repository\com\fasterxml\jackson\core\jackson-annotations\2.13.3\jackson-annotations-2.13.3.jar;C:\Users\saulo\.m2\repository\com\fasterxml\jackson\core\jackson-core\2.13.3\jackson-core-2.13.3.jar;C:\Users\saulo\.m2\repository\com\fasterxml\jackson\datatype\jackson-datatype-jdk8\2.13.3\jackson-datatype-jdk8-2.13.3.jar;C:\Users\saulo\.m2\repository\com\fasterxml\jackson\datatype\jackson-datatype-jsr310\2.13.3\jackson-datatype-jsr310-2.13.3.jar;C:\Users\saulo\.m2\repository\com\fasterxml\jackson\module\jackson-module-parameter-names\2.13.3\jackson-module-parameter-names-2.13.3.jar;C:\Users\saulo\.m2\repository\org\springframework\boot\spring-boot-starter-tomcat\2.7.3\spring-boot-starter-tomcat-2.7.3.jar;C:\Users\saulo\.m2\repository\org\apache\tomcat\embed\tomcat-embed-core\9.0.65\tomcat-embed-core-9.0.65.jar;C:\Users\saulo\.m2\repository\org\apache\tomcat\embed\tomcat-embed-el\9.0.65\tomcat-embed-el-9.0.65.jar;C:\Users\saulo\.m2\repository\org\apache\tomcat\embed\tomcat-embed-websocket\9.0.65\tomcat-embed-websocket-9.0.65.jar;C:\Users\saulo\.m2\repository\org\springframework\spring-web\5.3.22\spring-web-5.3.22.jar;C:\Users\saulo\.m2\repository\org\springframework\spring-beans\5.3.22\spring-beans-5.3.22.jar;C:\Users\saulo\.m2\repository\org\springframework\spring-webmvc\5.3.22\spring-webmvc-5.3.22.jar;C:\Users\saulo\.m2\repository\org\springframework\spring-aop\5.3.22\spring-aop-5.3.22.jar;C:\Users\saulo\.m2\repository\org\springframework\spring-context\5.3.22\spring-context-5.3.22.jar;C:\Users\saulo\.m2\repository\org\springframework\spring-expression\5.3.22\spring-expression-5.3.22.jar;C:\Users\saulo\.m2\repository\org\springframework\boot\spring-boot-starter-data-jpa\2.7.3\spring-boot-starter-data-jpa-2.7.3.jar;C:\Users\saulo\.m2\repository\org\springframework\boot\spring-boot-starter-aop\2.7.3\spring-boot-starter-aop-2.7.3.jar;C:\Users\saulo\.m2\repository\org\aspectj\aspectjweaver\1.9.7\aspectjweaver-1.9.7.jar;C:\Users\saulo\.m2\repository\org\springframework\boot\spring-boot-starter-jdbc\2.7.3\spring-boot-starter-jdbc-2.7.3.jar;C:\Users\saulo\.m2\repository\com\zaxxer\HikariCP\4.0.3\HikariCP-4.0.3.jar;C:\Users\saulo\.m2\repository\org\springframework\spring-jdbc\5.3.22\spring-jdbc-5.3.22.jar;C:\Users\saulo\.m2\repository\jakarta\transaction\jakarta.transaction-api\1.3.3\jakarta.transaction-api-1.3.3.jar;C:\Users\saulo\.m2\repository\jakarta\persistence\jakarta.persistence-api\2.2.3\jakarta.persistence-api-2.2.3.jar;C:\Users\saulo\.m2\repository\org\hibernate\hibernate-core\5.6.10.Final\hibernate-core-5.6.10.Final.jar;C:\Users\saulo\.m2\repository\net\bytebuddy\byte-buddy\1.12.13\byte-buddy-1.12.13.jar;C:\Users\saulo\.m2\repository\antlr\antlr\2.7.7\antlr-2.7.7.jar;C:\Users\saulo\.m2\repository\org\jboss\jandex\2.4.2.Final\jandex-2.4.2.Final.jar;C:\Users\saulo\.m2\repository\org\hibernate\common\hibernate-commons-annotations\5.1.2.Final\hibernate-commons-annotations-5.1.2.Final.jar;C:\Users\saulo\.m2\repository\org\glassfish\jaxb\jaxb-runtime\2.3.6\jaxb-runtime-2.3.6.jar;C:\Users\saulo\.m2\repository\org\glassfish\jaxb\txw2\2.3.6\txw2-2.3.6.jar;C:\Users\saulo\.m2\repository\com\sun\istack\istack-commons-runtime\3.0.12\istack-commons-runtime-3.0.12.jar;C:\Users\saulo\.m2\repository\com\sun\activation\jakarta.activation\1.2.2\jakarta.activation-1.2.2.jar;C:\Users\saulo\.m2\repository\org\springframework\data\spring-data-jpa\2.7.2\spring-data-jpa-2.7.2.jar;C:\Users\saulo\.m2\repository\org\springframework\data\spring-data-commons\2.7.2\spring-data-commons-2.7.2.jar;C:\Users\saulo\.m2\repository\org\springframework\spring-orm\5.3.22\spring-orm-5.3.22.jar;C:\Users\saulo\.m2\repository\org\springframework\spring-tx\5.3.22\spring-tx-5.3.22.jar;C:\Users\saulo\.m2\repository\org\springframework\spring-aspects\5.3.22\spring-aspects-5.3.22.jar;C:\Users\saulo\.m2\repository\mysql\mysql-connector-java\8.0.30\mysql-connector-java-8.0.30.jar;C:\Users\saulo\.m2\repository\org\springframework\boot\spring-boot-devtools\2.7.3\spring-boot-devtools-2.7.3.jar;C:\Users\saulo\.m2\repository\org\springframework\boot\spring-boot\2.7.3\spring-boot-2.7.3.jar;C:\Users\saulo\.m2\repository\org\springframework\boot\spring-boot-autoconfigure\2.7.3\spring-boot-autoconfigure-2.7.3.jar;C:\Users\saulo\.m2\repository\jakarta\xml\bind\jakarta.xml.bind-api\2.3.3\jakarta.xml.bind-api-2.3.3.jar;C:\Users\saulo\.m2\repository\jakarta\activation\jakarta.activation-api\1.2.2\jakarta.activation-api-1.2.2.jar;C:\Users\saulo\.m2\repository\org\springframework\spring-core\5.3.22\spring-core-5.3.22.jar;C:\Users\saulo\.m2\repository\org\springframework\spring-jcl\5.3.22\spring-jcl-5.3.22.jar;C:\Users\saulo\.m2\repository\org\hibernate\hibernate-validator\5.4.0.Final\hibernate-validator-5.4.0.Final.jar;C:\Users\saulo\.m2\repository\javax\validation\validation-api\2.0.1.Final\validation-api-2.0.1.Final.jar;C:\Users\saulo\.m2\repository\org\jboss\logging\jboss-logging\3.4.3.Final\jboss-logging-3.4.3.Final.jar;C:\Users\saulo\.m2\repository\com\fasterxml\classmate\1.5.1\classmate-1.5.1.jar
Launcher Type: SUN_STANDARD

[Global flags]
     intx CICompilerCount                          = 4                                         {product} {ergonomic}
     uint ConcGCThreads                            = 2                                         {product} {ergonomic}
     uint G1ConcRefinementThreads                  = 8                                         {product} {ergonomic}
   size_t G1HeapRegionSize                         = 1048576                                   {product} {ergonomic}
    uintx GCDrainStackTargetSize                   = 64                                        {product} {ergonomic}
   size_t InitialHeapSize                          = 130023424                                 {product} {ergonomic}
   size_t MarkStackSize                            = 4194304                                   {product} {ergonomic}
   size_t MaxHeapSize                              = 2074083328                                {product} {ergonomic}
   size_t MaxNewSize                               = 1243611136                                {product} {ergonomic}
   size_t MinHeapDeltaBytes                        = 1048576                                   {product} {ergonomic}
   size_t MinHeapSize                              = 8388608                                   {product} {ergonomic}
    uintx NonNMethodCodeHeapSize                   = 5839372                                {pd product} {ergonomic}
    uintx NonProfiledCodeHeapSize                  = 122909434                              {pd product} {ergonomic}
     bool PerfDisableSharedMem                     = true                                      {product} {ergonomic}
    uintx ProfiledCodeHeapSize                     = 122909434                              {pd product} {ergonomic}
    uintx ReservedCodeCacheSize                    = 251658240                              {pd product} {ergonomic}
     bool SegmentedCodeCache                       = true                                      {product} {ergonomic}
     bool ShowCodeDetailsInExceptionMessages       = true                                   {manageable} {command line}
   size_t SoftMaxHeapSize                          = 2074083328                             {manageable} {ergonomic}
     bool UseCompressedClassPointers               = true                           {product lp64_product} {ergonomic}
     bool UseCompressedOops                        = true                           {product lp64_product} {ergonomic}
     bool UseG1GC                                  = true                                      {product} {ergonomic}
     bool UseLargePagesIndividualAllocation        = false                                  {pd product} {ergonomic}

Logging:
Log output configuration:
 #0: stdout all=warning uptime,level,tags foldmultilines=false
 #1: stderr all=off uptime,level,tags foldmultilines=false

Environment Variables:
JAVA_HOME=C:\Program Files\Java\jdk-18.0.1
CLASSPATH=.;C:\Program Files\Java\jdk-18.0.1\lib
PATH=C:/Program Files/Java/jdk-18.0.1/bin/server;C:/Program Files/Java/jdk-18.0.1/bin;C:\Program Files\Java\jdk-18.0.1;C:\Program Files\Java\jdk-18.0.1\bin;C:\Program Files\Common Files\Oracle\Java\javapath;C:\Program Files (x86)\Common Files\Oracle\Java\javapath;C:\Windows\system32;C:\Windows;C:\Windows\System32\Wbem;C:\Windows\System32\WindowsPowerShell\v1.0\;C:\Windows\System32\OpenSSH\;C:\Program Files (x86)\NVIDIA Corporation\PhysX\Common;C:\Program Files\NVIDIA Corporation\NVIDIA NvDLISR;C:\WINDOWS\system32;C:\WINDOWS;C:\WINDOWS\System32\Wbem;C:\WINDOWS\System32\WindowsPowerShell\v1.0\;C:\WINDOWS\System32\OpenSSH\;C:\apache-maven-3.8.6\bin;C:\Program Files\Git\cmd;C:\Program Files\nodejs\;C:\Users\saulo\AppData\Local\Microsoft\WindowsApps;C:\Users\saulo\AppData\Local\Programs\Microsoft VS Code\bin;C:\apache-maven-3.8.6\bin;C:\Program Files\heroku\bin;C:\Users\saulo\AppData\Roaming\npm;C:\Users\saulo\OneDrive\rea de Trabalho;
USERNAME=saulo
OS=Windows_NT
PROCESSOR_IDENTIFIER=Intel64 Family 6 Model 142 Stepping 12, GenuineIntel



---------------  S Y S T E M  ---------------

OS:
 Windows 10 , 64 bit Build 19041 (10.0.19041.1889)
OS uptime: 2 days 17:03 hours

CPU: total 8 (initial active 8) (4 cores per cpu, 2 threads per core) family 6 model 142 stepping 12 microcode 0xc6, cx8, cmov, fxsr, ht, mmx, 3dnowpref, sse, sse2, sse3, ssse3, sse4.1, sse4.2, popcnt, lzcnt, tsc, tscinvbit, avx, avx2, aes, erms, clmul, bmi1, bmi2, adx, fma, vzeroupper, clflush, clflushopt

Memory: 4k page, system-wide physical 7908M (174M free)
TotalPageFile size 32484M (AvailPageFile size 6M)
current process WorkingSet (physical memory assigned to process): 178M, peak: 178M
current process commit charge ("private bytes"): 217M, peak: 264M

vm_info: Java HotSpot(TM) 64-Bit Server VM (18.0.1+10-24) for windows-amd64 JRE (18.0.1+10-24), built on Mar  9 2022 22:41:56 by "mach5one" with MS VC++ 16.8 / 16.9 (VS2019)

END.
